{
  "stats": {
    "suites": 1,
    "tests": 1,
    "passes": 1,
    "pending": 0,
    "failures": 0,
    "start": "2022-11-13T16:41:16.938Z",
    "end": "2022-11-13T16:41:25.354Z",
    "duration": 8416,
    "testsRegistered": 1,
    "passPercent": 100,
    "pendingPercent": 0,
    "other": 0,
    "hasOther": false,
    "skipped": 0,
    "hasSkipped": false
  },
  "results": [
    {
      "uuid": "f9dab535-816a-4ca5-a807-6ba11fb42279",
      "title": "",
      "fullFile": "cypress\\e2e\\products-on-sale\\products-on-sale.cy.js",
      "file": "cypress\\e2e\\products-on-sale\\products-on-sale.cy.js",
      "beforeHooks": [],
      "afterHooks": [],
      "tests": [],
      "suites": [
        {
          "uuid": "3cbfa490-d46f-4440-8ad5-6532458ff335",
          "title": "Products on sale page",
          "fullFile": "",
          "file": "",
          "beforeHooks": [],
          "afterHooks": [],
          "tests": [
            {
              "title": "Should have discount price on every product in sale page",
              "fullTitle": "Products on sale page Should have discount price on every product in sale page",
              "timedOut": null,
              "duration": 8036,
              "state": "passed",
              "speed": "medium",
              "pass": true,
              "fail": false,
              "pending": false,
              "context": null,
              "code": "cy.get(\".s-producttext-price.s-producttext-withticket\").each(item => {\n  const priceWithDiscountObject = item.children(\"div.s-largered\");\n  const priceWithDiscount = priceWithDiscountObject.children(\".CurrencySizeLarge\").text().replace(\"€\", \"\");\n  const firstPriceObject = item.children(\".RefandPrice\");\n  const firstPrice = firstPriceObject.children(\".s-smalltext\").text().replace(\"€\", \"\");\n  expect(priceWithDiscountObject).to.exist;\n  expect(firstPriceObject).to.exist;\n  expect(parseInt(firstPrice)).is.greaterThan(parseInt(priceWithDiscount));\n});",
              "err": {},
              "uuid": "aa082c5c-853b-4141-9c05-413d4025e5f2",
              "parentUUID": "3cbfa490-d46f-4440-8ad5-6532458ff335",
              "isHook": false,
              "skipped": false
            }
          ],
          "suites": [],
          "passes": [
            "aa082c5c-853b-4141-9c05-413d4025e5f2"
          ],
          "failures": [],
          "pending": [],
          "skipped": [],
          "duration": 8036,
          "root": false,
          "rootEmpty": false,
          "_timeout": 2000
        }
      ],
      "passes": [],
      "failures": [],
      "pending": [],
      "skipped": [],
      "duration": 0,
      "root": true,
      "rootEmpty": true,
      "_timeout": 2000
    }
  ],
  "meta": {
    "mocha": {
      "version": "7.0.1"
    },
    "mochawesome": {
      "options": {
        "quiet": false,
        "reportFilename": "report",
        "saveHtml": true,
        "saveJson": true,
        "consoleReporter": "spec",
        "useInlineDiffs": false,
        "code": true
      },
      "version": "7.1.3"
    },
    "marge": {
      "options": {
        "reportDir": "cypress/results",
        "html": true,
        "overwrite": true,
        "reportFilename": "report"
      },
      "version": "6.2.0"
    }
  }
}